2025-01-04T00:27:25.165+09:00  INFO 28264 --- [DNcompany] [Test worker] c.e.d.mapper.user.UserMapperTest         : Starting UserMapperTest using Java 21.0.4 with PID 28264 (started by youra in D:\2024gbjava\project\DNCompany)
2025-01-04T00:27:25.179+09:00  INFO 28264 --- [DNcompany] [Test worker] c.e.d.mapper.user.UserMapperTest         : No active profile set, falling back to 1 default profile: "default"
2025-01-04T00:27:25.990+09:00 DEBUG 28264 --- [DNcompany] [Test worker] o.m.s.b.a.MybatisAutoConfiguration       : Searching for mappers annotated with @Mapper
2025-01-04T00:27:25.991+09:00 DEBUG 28264 --- [DNcompany] [Test worker] o.m.s.b.a.MybatisAutoConfiguration       : Using auto-configuration base package 'com.example.dncompany'
2025-01-04T00:27:26.160+09:00 DEBUG 28264 --- [DNcompany] [Test worker] org.apache.ibatis.logging.LogFactory     : Logging initialized using 'class org.apache.ibatis.logging.slf4j.Slf4jImpl' adapter.
2025-01-04T00:27:26.175+09:00 DEBUG 28264 --- [DNcompany] [Test worker] o.m.s.mapper.ClassPathMapperScanner      : Identified candidate component class: file [D:\2024gbjava\project\DNCompany\build\classes\java\main\com\example\dncompany\mapper\user\UserMapper.class]
2025-01-04T00:27:26.177+09:00 DEBUG 28264 --- [DNcompany] [Test worker] o.m.s.mapper.ClassPathMapperScanner      : Creating MapperFactoryBean with name 'userMapper' and 'com.example.dncompany.mapper.user.UserMapper' mapperInterface
2025-01-04T00:27:27.460+09:00 DEBUG 28264 --- [DNcompany] [Test worker] o.m.s.b.a.MybatisAutoConfiguration       : Not found configuration for registering mapper bean using @MapperScan, MapperFactoryBean and MapperScannerConfigurer.
2025-01-04T00:27:27.733+09:00 DEBUG 28264 --- [DNcompany] [Test worker] o.mybatis.spring.SqlSessionFactoryBean   : Parsed mapper file: 'file [D:\2024gbjava\project\DNCompany\build\resources\main\mappers\user\UserMapper.xml]'
2025-01-04T00:27:27.873+09:00  INFO 28264 --- [DNcompany] [Test worker] c.e.d.mapper.user.UserMapperTest         : Started UserMapperTest in 3.2 seconds (process running for 8.567)
2025-01-04T00:27:30.222+09:00  INFO 28264 --- [DNcompany] [Test worker] com.zaxxer.hikari.HikariDataSource       : HikariPool-1 - Starting...
2025-01-04T00:27:32.187+09:00  INFO 28264 --- [DNcompany] [Test worker] com.zaxxer.hikari.pool.HikariPool        : HikariPool-1 - Added connection oracle.jdbc.driver.T4CConnection@5a9051fd
2025-01-04T00:27:32.190+09:00  INFO 28264 --- [DNcompany] [Test worker] com.zaxxer.hikari.HikariDataSource       : HikariPool-1 - Start completed.
2025-01-04T00:27:33.072+09:00  INFO 28264 --- [DNcompany] [SpringApplicationShutdownHook] com.zaxxer.hikari.HikariDataSource       : HikariPool-1 - Shutdown initiated...
2025-01-04T00:27:33.288+09:00  INFO 28264 --- [DNcompany] [SpringApplicationShutdownHook] com.zaxxer.hikari.HikariDataSource       : HikariPool-1 - Shutdown completed.
2025-01-04T00:33:16.103+09:00  INFO 6772 --- [DNcompany] [Test worker] c.e.d.mapper.user.UserMapperTest         : Starting UserMapperTest using Java 21.0.4 with PID 6772 (started by youra in D:\2024gbjava\project\DNCompany)
2025-01-04T00:33:16.105+09:00  INFO 6772 --- [DNcompany] [Test worker] c.e.d.mapper.user.UserMapperTest         : No active profile set, falling back to 1 default profile: "default"
2025-01-04T00:33:16.893+09:00 DEBUG 6772 --- [DNcompany] [Test worker] o.m.s.b.a.MybatisAutoConfiguration       : Searching for mappers annotated with @Mapper
2025-01-04T00:33:16.894+09:00 DEBUG 6772 --- [DNcompany] [Test worker] o.m.s.b.a.MybatisAutoConfiguration       : Using auto-configuration base package 'com.example.dncompany'
2025-01-04T00:33:17.064+09:00 DEBUG 6772 --- [DNcompany] [Test worker] org.apache.ibatis.logging.LogFactory     : Logging initialized using 'class org.apache.ibatis.logging.slf4j.Slf4jImpl' adapter.
2025-01-04T00:33:17.080+09:00 DEBUG 6772 --- [DNcompany] [Test worker] o.m.s.mapper.ClassPathMapperScanner      : Identified candidate component class: file [D:\2024gbjava\project\DNCompany\build\classes\java\main\com\example\dncompany\mapper\user\UserMapper.class]
2025-01-04T00:33:17.082+09:00 DEBUG 6772 --- [DNcompany] [Test worker] o.m.s.mapper.ClassPathMapperScanner      : Creating MapperFactoryBean with name 'userMapper' and 'com.example.dncompany.mapper.user.UserMapper' mapperInterface
2025-01-04T00:33:18.136+09:00 DEBUG 6772 --- [DNcompany] [Test worker] o.m.s.b.a.MybatisAutoConfiguration       : Not found configuration for registering mapper bean using @MapperScan, MapperFactoryBean and MapperScannerConfigurer.
2025-01-04T00:33:18.385+09:00 DEBUG 6772 --- [DNcompany] [Test worker] o.mybatis.spring.SqlSessionFactoryBean   : Parsed mapper file: 'file [D:\2024gbjava\project\DNCompany\build\resources\main\mappers\user\UserMapper.xml]'
2025-01-04T00:33:18.603+09:00  INFO 6772 --- [DNcompany] [Test worker] c.e.d.mapper.user.UserMapperTest         : Started UserMapperTest in 2.878 seconds (process running for 4.731)
2025-01-04T00:33:21.289+09:00  INFO 6772 --- [DNcompany] [Test worker] com.zaxxer.hikari.HikariDataSource       : HikariPool-1 - Starting...
2025-01-04T00:33:22.723+09:00  INFO 6772 --- [DNcompany] [Test worker] com.zaxxer.hikari.pool.HikariPool        : HikariPool-1 - Added connection oracle.jdbc.driver.T4CConnection@ca60688
2025-01-04T00:33:22.725+09:00  INFO 6772 --- [DNcompany] [Test worker] com.zaxxer.hikari.HikariDataSource       : HikariPool-1 - Start completed.
2025-01-04T00:33:23.261+09:00  INFO 6772 --- [DNcompany] [SpringApplicationShutdownHook] com.zaxxer.hikari.HikariDataSource       : HikariPool-1 - Shutdown initiated...
2025-01-04T00:33:23.278+09:00  INFO 6772 --- [DNcompany] [SpringApplicationShutdownHook] com.zaxxer.hikari.HikariDataSource       : HikariPool-1 - Shutdown completed.
2025-01-04T00:37:31.512+09:00  INFO 24668 --- [DNcompany] [Test worker] c.e.d.mapper.user.UserMapperTest         : Starting UserMapperTest using Java 21.0.4 with PID 24668 (started by youra in D:\2024gbjava\project\DNCompany)
2025-01-04T00:37:31.580+09:00  INFO 24668 --- [DNcompany] [Test worker] c.e.d.mapper.user.UserMapperTest         : No active profile set, falling back to 1 default profile: "default"
2025-01-04T00:37:33.127+09:00 DEBUG 24668 --- [DNcompany] [Test worker] o.m.s.b.a.MybatisAutoConfiguration       : Searching for mappers annotated with @Mapper
2025-01-04T00:37:33.127+09:00 DEBUG 24668 --- [DNcompany] [Test worker] o.m.s.b.a.MybatisAutoConfiguration       : Using auto-configuration base package 'com.example.dncompany'
2025-01-04T00:37:33.305+09:00 DEBUG 24668 --- [DNcompany] [Test worker] org.apache.ibatis.logging.LogFactory     : Logging initialized using 'class org.apache.ibatis.logging.slf4j.Slf4jImpl' adapter.
2025-01-04T00:37:33.323+09:00 DEBUG 24668 --- [DNcompany] [Test worker] o.m.s.mapper.ClassPathMapperScanner      : Identified candidate component class: file [D:\2024gbjava\project\DNCompany\build\classes\java\main\com\example\dncompany\mapper\user\UserMapper.class]
2025-01-04T00:37:33.325+09:00 DEBUG 24668 --- [DNcompany] [Test worker] o.m.s.mapper.ClassPathMapperScanner      : Creating MapperFactoryBean with name 'userMapper' and 'com.example.dncompany.mapper.user.UserMapper' mapperInterface
2025-01-04T00:37:34.466+09:00 DEBUG 24668 --- [DNcompany] [Test worker] o.m.s.b.a.MybatisAutoConfiguration       : Not found configuration for registering mapper bean using @MapperScan, MapperFactoryBean and MapperScannerConfigurer.
2025-01-04T00:37:34.880+09:00 DEBUG 24668 --- [DNcompany] [Test worker] o.mybatis.spring.SqlSessionFactoryBean   : Parsed mapper file: 'file [D:\2024gbjava\project\DNCompany\build\resources\main\mappers\user\UserMapper.xml]'
2025-01-04T00:37:35.023+09:00  INFO 24668 --- [DNcompany] [Test worker] c.e.d.mapper.user.UserMapperTest         : Started UserMapperTest in 3.974 seconds (process running for 6.707)
2025-01-04T00:37:37.514+09:00  INFO 24668 --- [DNcompany] [Test worker] com.zaxxer.hikari.HikariDataSource       : HikariPool-1 - Starting...
2025-01-04T00:37:40.313+09:00  INFO 24668 --- [DNcompany] [Test worker] com.zaxxer.hikari.pool.HikariPool        : HikariPool-1 - Added connection oracle.jdbc.driver.T4CConnection@3d7314b3
2025-01-04T00:37:40.316+09:00  INFO 24668 --- [DNcompany] [Test worker] com.zaxxer.hikari.HikariDataSource       : HikariPool-1 - Start completed.
2025-01-04T00:37:40.902+09:00  INFO 24668 --- [DNcompany] [SpringApplicationShutdownHook] com.zaxxer.hikari.HikariDataSource       : HikariPool-1 - Shutdown initiated...
2025-01-04T00:37:41.001+09:00  INFO 24668 --- [DNcompany] [SpringApplicationShutdownHook] com.zaxxer.hikari.HikariDataSource       : HikariPool-1 - Shutdown completed.
2025-01-04T00:39:04.047+09:00  INFO 1592 --- [DNcompany] [Test worker] c.e.d.mapper.user.UserMapperTest         : Starting UserMapperTest using Java 21.0.4 with PID 1592 (started by youra in D:\2024gbjava\project\DNCompany)
2025-01-04T00:39:04.049+09:00  INFO 1592 --- [DNcompany] [Test worker] c.e.d.mapper.user.UserMapperTest         : No active profile set, falling back to 1 default profile: "default"
2025-01-04T00:39:04.815+09:00 DEBUG 1592 --- [DNcompany] [Test worker] o.m.s.b.a.MybatisAutoConfiguration       : Searching for mappers annotated with @Mapper
2025-01-04T00:39:04.815+09:00 DEBUG 1592 --- [DNcompany] [Test worker] o.m.s.b.a.MybatisAutoConfiguration       : Using auto-configuration base package 'com.example.dncompany'
2025-01-04T00:39:04.991+09:00 DEBUG 1592 --- [DNcompany] [Test worker] org.apache.ibatis.logging.LogFactory     : Logging initialized using 'class org.apache.ibatis.logging.slf4j.Slf4jImpl' adapter.
2025-01-04T00:39:05.008+09:00 DEBUG 1592 --- [DNcompany] [Test worker] o.m.s.mapper.ClassPathMapperScanner      : Identified candidate component class: file [D:\2024gbjava\project\DNCompany\build\classes\java\main\com\example\dncompany\mapper\user\UserMapper.class]
2025-01-04T00:39:05.011+09:00 DEBUG 1592 --- [DNcompany] [Test worker] o.m.s.mapper.ClassPathMapperScanner      : Creating MapperFactoryBean with name 'userMapper' and 'com.example.dncompany.mapper.user.UserMapper' mapperInterface
2025-01-04T00:39:06.157+09:00 DEBUG 1592 --- [DNcompany] [Test worker] o.m.s.b.a.MybatisAutoConfiguration       : Not found configuration for registering mapper bean using @MapperScan, MapperFactoryBean and MapperScannerConfigurer.
2025-01-04T00:39:06.437+09:00 DEBUG 1592 --- [DNcompany] [Test worker] o.mybatis.spring.SqlSessionFactoryBean   : Parsed mapper file: 'file [D:\2024gbjava\project\DNCompany\build\resources\main\mappers\user\UserMapper.xml]'
2025-01-04T00:39:06.574+09:00  INFO 1592 --- [DNcompany] [Test worker] c.e.d.mapper.user.UserMapperTest         : Started UserMapperTest in 2.925 seconds (process running for 4.734)
2025-01-04T00:39:09.520+09:00  INFO 1592 --- [DNcompany] [Test worker] com.zaxxer.hikari.HikariDataSource       : HikariPool-1 - Starting...
2025-01-04T00:39:10.807+09:00  INFO 1592 --- [DNcompany] [Test worker] com.zaxxer.hikari.pool.HikariPool        : HikariPool-1 - Added connection oracle.jdbc.driver.T4CConnection@3d7314b3
2025-01-04T00:39:10.845+09:00  INFO 1592 --- [DNcompany] [Test worker] com.zaxxer.hikari.HikariDataSource       : HikariPool-1 - Start completed.
2025-01-04T00:39:11.832+09:00  INFO 1592 --- [DNcompany] [SpringApplicationShutdownHook] com.zaxxer.hikari.HikariDataSource       : HikariPool-1 - Shutdown initiated...
2025-01-04T00:39:11.844+09:00  INFO 1592 --- [DNcompany] [SpringApplicationShutdownHook] com.zaxxer.hikari.HikariDataSource       : HikariPool-1 - Shutdown completed.
2025-01-04T00:40:10.470+09:00  INFO 29188 --- [DNcompany] [Test worker] c.e.d.mapper.user.UserMapperTest         : Starting UserMapperTest using Java 21.0.4 with PID 29188 (started by youra in D:\2024gbjava\project\DNCompany)
2025-01-04T00:40:10.473+09:00  INFO 29188 --- [DNcompany] [Test worker] c.e.d.mapper.user.UserMapperTest         : No active profile set, falling back to 1 default profile: "default"
2025-01-04T00:40:11.281+09:00 DEBUG 29188 --- [DNcompany] [Test worker] o.m.s.b.a.MybatisAutoConfiguration       : Searching for mappers annotated with @Mapper
2025-01-04T00:40:11.560+09:00 DEBUG 29188 --- [DNcompany] [Test worker] o.m.s.b.a.MybatisAutoConfiguration       : Using auto-configuration base package 'com.example.dncompany'
2025-01-04T00:40:11.885+09:00 DEBUG 29188 --- [DNcompany] [Test worker] org.apache.ibatis.logging.LogFactory     : Logging initialized using 'class org.apache.ibatis.logging.slf4j.Slf4jImpl' adapter.
2025-01-04T00:40:11.902+09:00 DEBUG 29188 --- [DNcompany] [Test worker] o.m.s.mapper.ClassPathMapperScanner      : Identified candidate component class: file [D:\2024gbjava\project\DNCompany\build\classes\java\main\com\example\dncompany\mapper\user\UserMapper.class]
2025-01-04T00:40:11.904+09:00 DEBUG 29188 --- [DNcompany] [Test worker] o.m.s.mapper.ClassPathMapperScanner      : Creating MapperFactoryBean with name 'userMapper' and 'com.example.dncompany.mapper.user.UserMapper' mapperInterface
2025-01-04T00:40:13.044+09:00 DEBUG 29188 --- [DNcompany] [Test worker] o.m.s.b.a.MybatisAutoConfiguration       : Not found configuration for registering mapper bean using @MapperScan, MapperFactoryBean and MapperScannerConfigurer.
2025-01-04T00:40:13.328+09:00 DEBUG 29188 --- [DNcompany] [Test worker] o.mybatis.spring.SqlSessionFactoryBean   : Parsed mapper file: 'file [D:\2024gbjava\project\DNCompany\build\resources\main\mappers\user\UserMapper.xml]'
2025-01-04T00:40:13.450+09:00  INFO 29188 --- [DNcompany] [Test worker] c.e.d.mapper.user.UserMapperTest         : Started UserMapperTest in 3.365 seconds (process running for 5.167)
2025-01-04T00:40:14.976+09:00  INFO 29188 --- [DNcompany] [Test worker] com.zaxxer.hikari.HikariDataSource       : HikariPool-1 - Starting...
2025-01-04T00:40:16.279+09:00  INFO 29188 --- [DNcompany] [Test worker] com.zaxxer.hikari.pool.HikariPool        : HikariPool-1 - Added connection oracle.jdbc.driver.T4CConnection@6ffdbeef
2025-01-04T00:40:16.281+09:00  INFO 29188 --- [DNcompany] [Test worker] com.zaxxer.hikari.HikariDataSource       : HikariPool-1 - Start completed.
2025-01-04T00:40:16.728+09:00  INFO 29188 --- [DNcompany] [SpringApplicationShutdownHook] com.zaxxer.hikari.HikariDataSource       : HikariPool-1 - Shutdown initiated...
2025-01-04T00:40:16.741+09:00  INFO 29188 --- [DNcompany] [SpringApplicationShutdownHook] com.zaxxer.hikari.HikariDataSource       : HikariPool-1 - Shutdown completed.
2025-01-04T00:40:46.589+09:00  INFO 27364 --- [DNcompany] [Test worker] c.e.d.mapper.user.UserMapperTest         : Starting UserMapperTest using Java 21.0.4 with PID 27364 (started by youra in D:\2024gbjava\project\DNCompany)
2025-01-04T00:40:46.591+09:00  INFO 27364 --- [DNcompany] [Test worker] c.e.d.mapper.user.UserMapperTest         : No active profile set, falling back to 1 default profile: "default"
2025-01-04T00:40:47.384+09:00 DEBUG 27364 --- [DNcompany] [Test worker] o.m.s.b.a.MybatisAutoConfiguration       : Searching for mappers annotated with @Mapper
2025-01-04T00:40:47.386+09:00 DEBUG 27364 --- [DNcompany] [Test worker] o.m.s.b.a.MybatisAutoConfiguration       : Using auto-configuration base package 'com.example.dncompany'
2025-01-04T00:40:47.559+09:00 DEBUG 27364 --- [DNcompany] [Test worker] org.apache.ibatis.logging.LogFactory     : Logging initialized using 'class org.apache.ibatis.logging.slf4j.Slf4jImpl' adapter.
2025-01-04T00:40:47.575+09:00 DEBUG 27364 --- [DNcompany] [Test worker] o.m.s.mapper.ClassPathMapperScanner      : Identified candidate component class: file [D:\2024gbjava\project\DNCompany\build\classes\java\main\com\example\dncompany\mapper\user\UserMapper.class]
2025-01-04T00:40:47.576+09:00 DEBUG 27364 --- [DNcompany] [Test worker] o.m.s.mapper.ClassPathMapperScanner      : Creating MapperFactoryBean with name 'userMapper' and 'com.example.dncompany.mapper.user.UserMapper' mapperInterface
2025-01-04T00:40:48.793+09:00 DEBUG 27364 --- [DNcompany] [Test worker] o.m.s.b.a.MybatisAutoConfiguration       : Not found configuration for registering mapper bean using @MapperScan, MapperFactoryBean and MapperScannerConfigurer.
2025-01-04T00:40:49.043+09:00 DEBUG 27364 --- [DNcompany] [Test worker] o.mybatis.spring.SqlSessionFactoryBean   : Parsed mapper file: 'file [D:\2024gbjava\project\DNCompany\build\resources\main\mappers\user\UserMapper.xml]'
2025-01-04T00:40:49.164+09:00  INFO 27364 --- [DNcompany] [Test worker] c.e.d.mapper.user.UserMapperTest         : Started UserMapperTest in 2.962 seconds (process running for 4.785)
2025-01-04T00:40:50.411+09:00  INFO 27364 --- [DNcompany] [Test worker] com.zaxxer.hikari.HikariDataSource       : HikariPool-1 - Starting...
2025-01-04T00:40:51.626+09:00  INFO 27364 --- [DNcompany] [Test worker] com.zaxxer.hikari.pool.HikariPool        : HikariPool-1 - Added connection oracle.jdbc.driver.T4CConnection@ca60688
2025-01-04T00:40:51.628+09:00  INFO 27364 --- [DNcompany] [Test worker] com.zaxxer.hikari.HikariDataSource       : HikariPool-1 - Start completed.
2025-01-04T00:40:52.038+09:00  INFO 27364 --- [DNcompany] [SpringApplicationShutdownHook] com.zaxxer.hikari.HikariDataSource       : HikariPool-1 - Shutdown initiated...
2025-01-04T00:40:52.047+09:00  INFO 27364 --- [DNcompany] [SpringApplicationShutdownHook] com.zaxxer.hikari.HikariDataSource       : HikariPool-1 - Shutdown completed.
